#
# A fatal error has been detected by the Java Runtime Environment:
#
#  SIGBUS (0xa) at pc=0x000000010fd1ab4f, pid=8078, tid=0x0000000000014e07
#
# JRE version: OpenJDK Runtime Environment (8.0_302) (build 1.8.0_302-bre_2021_07_21_23_10-b00)
# Java VM: OpenJDK 64-Bit Server VM (25.302-b00 mixed mode bsd-amd64 compressed oops)
# Problematic frame:
# C  [libzip.dylib+0x6b4f]  newEntry+0x53
#
# Failed to write core dump. Core dumps have been disabled. To enable core dumping, try "ulimit -c unlimited" before starting Java again
#
# If you would like to submit a bug report, please visit:
#   http://bugreport.java.com/bugreport/crash.jsp
# The crash happened outside the Java Virtual Machine in native code.
# See problematic frame for where to report the bug.
#

---------------  T H R E A D  ---------------

Current thread (0x00007faf8589e000):  JavaThread "Thread-11" [_thread_in_native, id=85511, stack(0x00007000123f7000,0x00007000124f7000)]

siginfo: si_signo: 10 (SIGBUS), si_code: 2 (BUS_ADRERR), si_addr: 0x0000000115e7dbf4

Registers:
RAX=0x00007faf848430b0, RBX=0x0000000000000000, RCX=0x0000000000000000, RDX=0x00007faf84800000
RSP=0x00007000124f47c0, RBP=0x00007000124f4840, RSI=0x0000000000000100, RDI=0x00000000000003f1
R8 =0x0000000000003f04, R9 =0x0000000000003f08, R10=0x00000000ffffff0f, R11=0x00007faf848423b0
R12=0x00007faf848430b0, R13=0x00007faf7b60f360, R14=0x00007faf7ff2ffe0, R15=0x0000000115e7dbd8
RIP=0x000000010fd1ab4f, EFLAGS=0x0000000000010206, ERR=0x0000000000000004
  TRAPNO=0x000000000000000e

Top of Stack: (sp=0x00007000124f47c0)
0x00007000124f47c0:   0000000000000000 0000000000000000
0x00007000124f47d0:   0000000000000000 0000000000000000
0x00007000124f47e0:   0000000000000000 0000000000000000
0x00007000124f47f0:   00000000124f4820 0000000111a5e078
0x00007000124f4800:   0000000111d218f8 00007faf7b60fd20
0x00007000124f4810:   00007faf7b60f360 000000009ac6435b
0x00007000124f4820:   00007faf7ff17000 00007faf84842ed0
0x00007000124f4830:   0000000000018fe0 00007000124f48b0
0x00007000124f4840:   00007000124f4890 000000010fd1a9ec
0x00007000124f4850:   000000000000002b 00000001124f48b0
0x00007000124f4860:   00007faf7b60f360 00007000124f48b0
0x00007000124f4870:   00007faf8589e250 000000000000002b
0x00007000124f4880:   00007000124f4d08 00007faf7b60f360
0x00007000124f4890:   00007000124f4cf0 000000010fd194b3
0x00007000124f48a0:   0000000000000000 0000000100000000
0x00007000124f48b0:   696c63652f67726f 7474656a2f657370
0x00007000124f48c0:   462f6c6974752f79 6c61436572757475
0x00007000124f48d0:   6c632e6b6361626c 0000000000737361
0x00007000124f48e0:   0000000000000000 0000000000000000
0x00007000124f48f0:   0000000000000000 0000000000000000
0x00007000124f4900:   0000000000000000 0000000000000000
0x00007000124f4910:   0000000000000000 0000000016e74030
0x00007000124f4920:   0000000016e74010 0000000000000000
0x00007000124f4930:   0000000000000000 0000000000000000
0x00007000124f4940:   0000000000000000 0000000000000000
0x00007000124f4950:   0000000000000000 0000000016e73fd0
0x00007000124f4960:   0000000000000000 0000000000000000
0x00007000124f4970:   0000000000000000 0000000016e73ff0
0x00007000124f4980:   0000000000000000 0000000000000000
0x00007000124f4990:   0000000000000000 0000000000000000
0x00007000124f49a0:   0000000000000000 0000000000000000
0x00007000124f49b0:   0000000000000000 0000000016e73f90 

Instructions: (pc=0x000000010fd1ab4f)
0x000000010fd1ab2f:   57 c0 0f 11 40 28 41 80 7d 30 00 89 5d b4 74 5f
0x000000010fd1ab3f:   4d 8b 7d 18 4d 03 7e 08 4d 2b 7d 28 4c 89 6d d0
0x000000010fd1ab4f:   41 0f b7 5f 1c 41 0f b6 47 1e 48 89 45 c0 45 0f
0x000000010fd1ab5f:   b6 6f 1f 41 0f b7 4f 20 41 8b 47 0c 49 89 44 24 

Register to memory mapping:

RAX=0x00007faf848430b0 is an unknown value
RBX=0x0000000000000000 is an unknown value
RCX=0x0000000000000000 is an unknown value
RDX=0x00007faf84800000 is an unknown value
RSP=0x00007000124f47c0 is pointing into the stack for thread: 0x00007faf8589e000
RBP=0x00007000124f4840 is pointing into the stack for thread: 0x00007faf8589e000
RSI=0x0000000000000100 is an unknown value
RDI=0x00000000000003f1 is an unknown value
R8 =0x0000000000003f04 is an unknown value
R9 =0x0000000000003f08 is an unknown value
R10=0x00000000ffffff0f is an unknown value
R11=0x00007faf848423b0 is an unknown value
R12=0x00007faf848430b0 is an unknown value
R13=0x00007faf7b60f360 is an unknown value
R14=0x00007faf7ff2ffe0 is an unknown value
R15=0x0000000115e7dbd8 is an unknown value


Stack: [0x00007000123f7000,0x00007000124f7000],  sp=0x00007000124f47c0,  free space=1013k
Native frames: (J=compiled Java code, j=interpreted, Vv=VM code, C=native code)
C  [libzip.dylib+0x6b4f]  newEntry+0x53
C  [libzip.dylib+0x69ec]  ZIP_GetEntry2+0xd9
C  [libzip.dylib+0x54b3]  Java_java_util_zip_ZipFile_getEntry+0x97
J 186  java.util.zip.ZipFile.getEntry(J[BZ)J (0 bytes) @ 0x0000000117431f4e [0x0000000117431e80+0xce]
J 1752 C2 sun.misc.URLClassPath$JarLoader.getResource(Ljava/lang/String;Z)Lsun/misc/Resource; (85 bytes) @ 0x00000001178324cc [0x0000000117831ea0+0x62c]
J 1255 C2 sun.misc.URLClassPath.getResource(Ljava/lang/String;Z)Lsun/misc/Resource; (83 bytes) @ 0x00000001176c64ac [0x00000001176c6360+0x14c]
J 1899 C2 java.net.URLClassLoader$1.run()Ljava/lang/Object; (5 bytes) @ 0x00000001179d3ba8 [0x00000001179d36c0+0x4e8]
v  ~StubRoutines::call_stub
V  [libjvm.dylib+0x2cbf03]  JavaCalls::call_helper(JavaValue*, methodHandle*, JavaCallArguments*, Thread*)+0x689
V  [libjvm.dylib+0x33d8b5]  JVM_DoPrivileged+0x66f
J 178  java.security.AccessController.doPrivileged(Ljava/security/PrivilegedExceptionAction;Ljava/security/AccessControlContext;)Ljava/lang/Object; (0 bytes) @ 0x000000011742ca15 [0x000000011742c940+0xd5]
J 1898 C2 java.net.URLClassLoader.findClass(Ljava/lang/String;)Ljava/lang/Class; (47 bytes) @ 0x00000001178839bc [0x0000000117883920+0x9c]
J 1779 C2 java.lang.ClassLoader.loadClass(Ljava/lang/String;Z)Ljava/lang/Class; (122 bytes) @ 0x000000011786486c [0x0000000117863da0+0xacc]
J 210 C1 sun.misc.Launcher$AppClassLoader.loadClass(Ljava/lang/String;Z)Ljava/lang/Class; (85 bytes) @ 0x000000011743a464 [0x0000000117439ac0+0x9a4]
J 207 C1 java.lang.ClassLoader.loadClass(Ljava/lang/String;)Ljava/lang/Class; (7 bytes) @ 0x0000000117439404 [0x0000000117439300+0x104]
v  ~StubRoutines::call_stub
V  [libjvm.dylib+0x2cbf03]  JavaCalls::call_helper(JavaValue*, methodHandle*, JavaCallArguments*, Thread*)+0x689
V  [libjvm.dylib+0x2cad76]  JavaCalls::call_virtual(JavaValue*, KlassHandle, Symbol*, Symbol*, JavaCallArguments*, Thread*)+0x148
V  [libjvm.dylib+0x2cafda]  JavaCalls::call_virtual(JavaValue*, Handle, KlassHandle, Symbol*, Symbol*, Handle, Thread*)+0x64
V  [libjvm.dylib+0x52b0d0]  SystemDictionary::load_instance_class(Symbol*, Handle, Thread*)+0x2e4
V  [libjvm.dylib+0x52a312]  SystemDictionary::resolve_instance_class_or_null(Symbol*, Handle, Handle, Thread*)+0x5aa
V  [libjvm.dylib+0x5299c3]  SystemDictionary::resolve_or_fail(Symbol*, Handle, Handle, bool, Thread*)+0x1b
V  [libjvm.dylib+0x1c6161]  ConstantPool::klass_at_impl(constantPoolHandle, int, Thread*)+0x231
V  [libjvm.dylib+0x1d6db0]  ConstantPool::klass_at(int, Thread*)+0x8c
V  [libjvm.dylib+0x2c379d]  InterpreterRuntime::_new(JavaThread*, ConstantPool*, int)+0x2d
j  org.eclipse.jetty.server.AbstractConnector.shutdown()Ljava/util/concurrent/Future;+0
j  org.eclipse.jetty.server.AbstractNetworkConnector.shutdown()Ljava/util/concurrent/Future;+5
j  org.eclipse.jetty.server.ServerConnector.shutdown()Ljava/util/concurrent/Future;+1
j  org.eclipse.jetty.server.Server.doStop()V+89
j  org.eclipse.jetty.util.component.AbstractLifeCycle.stop()V+30
j  org.eclipse.jetty.util.thread.ShutdownThread.run()V+41
v  ~StubRoutines::call_stub
V  [libjvm.dylib+0x2cbf03]  JavaCalls::call_helper(JavaValue*, methodHandle*, JavaCallArguments*, Thread*)+0x689
V  [libjvm.dylib+0x2cad76]  JavaCalls::call_virtual(JavaValue*, KlassHandle, Symbol*, Symbol*, JavaCallArguments*, Thread*)+0x148
V  [libjvm.dylib+0x2caf57]  JavaCalls::call_virtual(JavaValue*, Handle, KlassHandle, Symbol*, Symbol*, Thread*)+0x57
V  [libjvm.dylib+0x346da9]  thread_entry(JavaThread*, Thread*)+0x78
V  [libjvm.dylib+0x54d858]  JavaThread::thread_main_inner()+0x82
V  [libjvm.dylib+0x54d71d]  JavaThread::run()+0x169
V  [libjvm.dylib+0x48419b]  java_start(Thread*)+0xfa
C  [libsystem_pthread.dylib+0x6109]  _pthread_start+0x94
C  [libsystem_pthread.dylib+0x1b8b]  thread_start+0xf
C  0x0000000000000000

Java frames: (J=compiled Java code, j=interpreted, Vv=VM code)
J 186  java.util.zip.ZipFile.getEntry(J[BZ)J (0 bytes) @ 0x0000000117431ed8 [0x0000000117431e80+0x58]
J 1752 C2 sun.misc.URLClassPath$JarLoader.getResource(Ljava/lang/String;Z)Lsun/misc/Resource; (85 bytes) @ 0x00000001178324cc [0x0000000117831ea0+0x62c]
J 1255 C2 sun.misc.URLClassPath.getResource(Ljava/lang/String;Z)Lsun/misc/Resource; (83 bytes) @ 0x00000001176c64ac [0x00000001176c6360+0x14c]
J 1899 C2 java.net.URLClassLoader$1.run()Ljava/lang/Object; (5 bytes) @ 0x00000001179d3ba8 [0x00000001179d36c0+0x4e8]
v  ~StubRoutines::call_stub
J 178  java.security.AccessController.doPrivileged(Ljava/security/PrivilegedExceptionAction;Ljava/security/AccessControlContext;)Ljava/lang/Object; (0 bytes) @ 0x000000011742c9a3 [0x000000011742c940+0x63]
J 1898 C2 java.net.URLClassLoader.findClass(Ljava/lang/String;)Ljava/lang/Class; (47 bytes) @ 0x00000001178839bc [0x0000000117883920+0x9c]
J 1779 C2 java.lang.ClassLoader.loadClass(Ljava/lang/String;Z)Ljava/lang/Class; (122 bytes) @ 0x000000011786486c [0x0000000117863da0+0xacc]
J 210 C1 sun.misc.Launcher$AppClassLoader.loadClass(Ljava/lang/String;Z)Ljava/lang/Class; (85 bytes) @ 0x000000011743a464 [0x0000000117439ac0+0x9a4]
J 207 C1 java.lang.ClassLoader.loadClass(Ljava/lang/String;)Ljava/lang/Class; (7 bytes) @ 0x0000000117439404 [0x0000000117439300+0x104]
v  ~StubRoutines::call_stub
j  org.eclipse.jetty.server.AbstractConnector.shutdown()Ljava/util/concurrent/Future;+0
j  org.eclipse.jetty.server.AbstractNetworkConnector.shutdown()Ljava/util/concurrent/Future;+5
j  org.eclipse.jetty.server.ServerConnector.shutdown()Ljava/util/concurrent/Future;+1
j  org.eclipse.jetty.server.Server.doStop()V+89
j  org.eclipse.jetty.util.component.AbstractLifeCycle.stop()V+30
j  org.eclipse.jetty.util.thread.ShutdownThread.run()V+41
v  ~StubRoutines::call_stub

---------------  P R O C E S S  ---------------

Java Threads: ( => current thread )
=>0x00007faf8589e000 JavaThread "Thread-11" [_thread_in_native, id=85511, stack(0x00007000123f7000,0x00007000124f7000)]
  0x00007faf7d0e1800 JavaThread "SIGINT handler" daemon [_thread_blocked, id=43787, stack(0x00007000121f1000,0x00007000122f1000)]
  0x00007faf7d1ca000 JavaThread "dw-admin-62" [_thread_blocked, id=23047, stack(0x000070000fb7f000,0x000070000fc7f000)]
  0x00007faf8184a000 JavaThread "dw-60" [_thread_blocked, id=30471, stack(0x00007000116d0000,0x00007000117d0000)]
  0x00007faf8585b800 JavaThread "dw-59" [_thread_in_native, id=86019, stack(0x00007000124fa000,0x00007000125fa000)]
  0x00007faf86010800 JavaThread "Scheduler-1327895505" [_thread_blocked, id=87047, stack(0x00007000122f4000,0x00007000123f4000)]
  0x00007faf85848800 JavaThread "dw-55" [_thread_blocked, id=17415, stack(0x00007000120ee000,0x00007000121ee000)]
  0x00007faf8401a800 JavaThread "dw-admin-52-acceptor-5@3a891689-admin@31e3250d{HTTP/1.1,[http/1.1]}{0.0.0.0:8081}" [_thread_blocked, id=32771, stack(0x0000700011feb000,0x00007000120eb000)]
  0x00007faf7c3f2800 JavaThread "dw-admin-51-acceptor-4@6d7060d5-admin@31e3250d{HTTP/1.1,[http/1.1]}{0.0.0.0:8081}" [_thread_blocked, id=32515, stack(0x0000700011ee8000,0x0000700011fe8000)]
  0x00007faf7c365000 JavaThread "dw-admin-50-acceptor-3@7d003fdd-admin@31e3250d{HTTP/1.1,[http/1.1]}{0.0.0.0:8081}" [_thread_blocked, id=33539, stack(0x0000700011de5000,0x0000700011ee5000)]
  0x00007faf7bd88800 JavaThread "dw-admin-49-acceptor-2@260eb3c8-admin@31e3250d{HTTP/1.1,[http/1.1]}{0.0.0.0:8081}" [_thread_blocked, id=31747, stack(0x0000700011ce2000,0x0000700011de2000)]
  0x00007faf7c364000 JavaThread "dw-admin-48-acceptor-1@21d14ae8-admin@31e3250d{HTTP/1.1,[http/1.1]}{0.0.0.0:8081}" [_thread_blocked, id=31235, stack(0x0000700011bdf000,0x0000700011cdf000)]
  0x00007faf7bd87800 JavaThread "dw-admin-47-acceptor-0@7813a6d5-admin@31e3250d{HTTP/1.1,[http/1.1]}{0.0.0.0:8081}" [_thread_in_native, id=33795, stack(0x0000700011adc000,0x0000700011bdc000)]
  0x00007faf7d2b8800 JavaThread "dw-admin-46" [_thread_in_native, id=34307, stack(0x00007000119d9000,0x0000700011ad9000)]
  0x00007faf7d2b7800 JavaThread "dw-admin-45" [_thread_in_native, id=34819, stack(0x00007000118d6000,0x00007000119d6000)]
  0x00007faf7d009000 JavaThread "dw-admin-44" [_thread_in_native, id=35847, stack(0x00007000114ca000,0x00007000115ca000)]
  0x00007faf7bd06800 JavaThread "dw-admin-43" [_thread_in_native, id=35075, stack(0x00007000117d3000,0x00007000118d3000)]
  0x00007faf8381a000 JavaThread "dw-admin-41" [_thread_in_native, id=29955, stack(0x00007000115cd000,0x00007000116cd000)]
  0x00007faf8500a000 JavaThread "dw-admin-39" [_thread_in_native, id=29699, stack(0x00007000113c7000,0x00007000114c7000)]
  0x00007faf804b8800 JavaThread "dw-38-acceptor-5@129637d-application@3f28bd56{HTTP/1.1,[http/1.1]}{0.0.0.0:8080}" [_thread_blocked, id=29187, stack(0x00007000112c4000,0x00007000113c4000)]
  0x00007faf822fd800 JavaThread "dw-admin-36" [_thread_in_native, id=36355, stack(0x00007000111c1000,0x00007000112c1000)]
  0x00007faf7ddd0800 JavaThread "dw-35-acceptor-4@a99ac14-application@3f28bd56{HTTP/1.1,[http/1.1]}{0.0.0.0:8080}" [_thread_blocked, id=28675, stack(0x00007000110be000,0x00007000111be000)]
  0x00007faf7c362800 JavaThread "dw-admin-34" [_thread_in_native, id=37123, stack(0x0000700010fbb000,0x00007000110bb000)]
  0x00007faf804a1800 JavaThread "DestroyJavaVM" [_thread_blocked, id=5635, stack(0x000070000e334000,0x000070000e434000)]
  0x00007faf85009000 JavaThread "dw-33-acceptor-3@313f018a-application@3f28bd56{HTTP/1.1,[http/1.1]}{0.0.0.0:8080}" [_thread_blocked, id=28163, stack(0x0000700010eb8000,0x0000700010fb8000)]
  0x00007faf7d2b7000 JavaThread "dw-admin-32" [_thread_in_native, id=37379, stack(0x0000700010db5000,0x0000700010eb5000)]
  0x00007faf7d2b6000 JavaThread "dw-31-acceptor-2@3f51ce7d-application@3f28bd56{HTTP/1.1,[http/1.1]}{0.0.0.0:8080}" [_thread_blocked, id=27651, stack(0x0000700010cb2000,0x0000700010db2000)]
  0x00007faf83818800 JavaThread "dw-admin-30" [_thread_in_native, id=38147, stack(0x0000700010baf000,0x0000700010caf000)]
  0x00007faf7bd05800 JavaThread "dw-29-acceptor-1@3fff13ae-application@3f28bd56{HTTP/1.1,[http/1.1]}{0.0.0.0:8080}" [_thread_blocked, id=27395, stack(0x0000700010aac000,0x0000700010bac000)]
  0x00007faf84019800 JavaThread "dw-admin-28" [_thread_in_native, id=38659, stack(0x00007000109a9000,0x0000700010aa9000)]
  0x00007faf7bd04800 JavaThread "dw-27-acceptor-0@215f0bcb-application@3f28bd56{HTTP/1.1,[http/1.1]}{0.0.0.0:8080}" [_thread_blocked, id=26883, stack(0x00007000108a6000,0x00007000109a6000)]
  0x00007faf7bd76800 JavaThread "dw-26" [_thread_in_native, id=39171, stack(0x00007000107a3000,0x00007000108a3000)]
  0x00007faf7d2b5000 JavaThread "dw-25" [_thread_in_native, id=26115, stack(0x00007000106a0000,0x00007000107a0000)]
  0x00007faf81849800 JavaThread "dw-24" [_thread_in_native, id=25859, stack(0x000070001059d000,0x000070001069d000)]
  0x00007faf7d217800 JavaThread "dw-23" [_thread_in_native, id=25347, stack(0x000070001049a000,0x000070001059a000)]
  0x00007faf7b8bf000 JavaThread "dw-admin-22" [_thread_in_native, id=39939, stack(0x0000700010397000,0x0000700010497000)]
  0x00007faf7c2be800 JavaThread "dw-20" [_thread_in_native, id=24835, stack(0x0000700010294000,0x0000700010394000)]
  0x00007faf7bc03000 JavaThread "dw-19" [_thread_in_native, id=40195, stack(0x0000700010191000,0x0000700010291000)]
  0x00007faf7c2be000 JavaThread "dw-18" [_thread_in_native, id=40707, stack(0x000070001008e000,0x000070001018e000)]
  0x00007faf7c1f3000 JavaThread "dw-17" [_thread_in_native, id=24067, stack(0x000070000ff8b000,0x000070001008b000)]
  0x00007faf7da4b000 JavaThread "dw-16" [_thread_in_native, id=23555, stack(0x000070000fe88000,0x000070000ff88000)]
  0x00007faf7bad2000 JavaThread "dw-15" [_thread_in_native, id=41219, stack(0x000070000fd85000,0x000070000fe85000)]
  0x00007faf7c1f2000 JavaThread "dw-14" [_thread_in_native, id=41731, stack(0x000070000fc82000,0x000070000fd82000)]
  0x00007faf7d920000 JavaThread "AsyncAppender-Worker-async-console-appender" daemon [_thread_blocked, id=42243, stack(0x000070000fa7c000,0x000070000fb7c000)]
  0x00007faf7bacf000 JavaThread "AsyncAppender-Worker-async-console-appender" daemon [_thread_blocked, id=42499, stack(0x000070000f979000,0x000070000fa79000)]
  0x00007faf7c01a000 JavaThread "Service Thread" daemon [_thread_blocked, id=22019, stack(0x000070000f773000,0x000070000f873000)]
  0x00007faf7d02f800 JavaThread "C1 CompilerThread3" daemon [_thread_blocked, id=43267, stack(0x000070000f670000,0x000070000f770000)]
  0x00007faf81008800 JavaThread "C2 CompilerThread2" daemon [_thread_blocked, id=15875, stack(0x000070000f56d000,0x000070000f66d000)]
  0x00007faf7c019800 JavaThread "C2 CompilerThread1" daemon [_thread_blocked, id=16387, stack(0x000070000f46a000,0x000070000f56a000)]
  0x00007faf7b86c000 JavaThread "C2 CompilerThread0" daemon [_thread_blocked, id=15363, stack(0x000070000f367000,0x000070000f467000)]
  0x00007faf7c008800 JavaThread "Signal Dispatcher" daemon [_thread_blocked, id=16643, stack(0x000070000f264000,0x000070000f364000)]
  0x00007faf80011000 JavaThread "Finalizer" daemon [_thread_blocked, id=12803, stack(0x000070000f05b000,0x000070000f15b000)]
  0x00007faf8000e800 JavaThread "Reference Handler" daemon [_thread_blocked, id=18691, stack(0x000070000ef58000,0x000070000f058000)]

Other Threads:
  0x00007faf7b834800 VMThread [stack: 0x000070000ee55000,0x000070000ef55000] [id=19203]
  0x00007faf7d80b800 WatcherThread [stack: 0x000070000f876000,0x000070000f976000] [id=42755]

VM state:not at safepoint (normal execution)

VM Mutex/Monitor currently owned by a thread: None

heap address: 0x00000006c0000000, size: 4096 MB, Compressed Oops mode: Zero based, Oop shift amount: 3
Narrow klass base: 0x0000000000000000, Narrow klass shift: 3
Compressed class space size: 1073741824 Address: 0x00000007c0000000

Heap:
 PSYoungGen      total 141824K, used 90196K [0x000000076ab00000, 0x0000000774000000, 0x00000007c0000000)
  eden space 131072K, 68% used [0x000000076ab00000,0x00000007703151c8,0x0000000772b00000)
  from space 10752K, 0% used [0x0000000773580000,0x0000000773580000,0x0000000774000000)
  to   space 10752K, 0% used [0x0000000772b00000,0x0000000772b00000,0x0000000773580000)
 ParOldGen       total 112640K, used 8900K [0x00000006c0000000, 0x00000006c6e00000, 0x000000076ab00000)
  object space 112640K, 7% used [0x00000006c0000000,0x00000006c08b11b0,0x00000006c6e00000)
 Metaspace       used 27350K, capacity 27604K, committed 27776K, reserved 1073152K
  class space    used 3566K, capacity 3682K, committed 3712K, reserved 1048576K

Card table byte_map: [0x0000000112360000,0x0000000112b61000] byte_map_base: 0x000000010ed60000

Marking Bits: (ParMarkBitMap*) 0x0000000111cffcc8
 Begin Bits: [0x00000001262b8000, 0x000000012a2b8000)
 End Bits:   [0x000000012a2b8000, 0x000000012e2b8000)

Polling page: 0x000000010fcca000

CodeCache: size=245760Kb used=7746Kb max_used=7751Kb free=238013Kb
 bounds [0x00000001172b8000, 0x0000000117a58000, 0x00000001262b8000]
 total_blobs=2884 nmethods=2446 adapters=351
 compilation: enabled

Compilation events (10 events):
Event: 80.229 Thread 0x00007faf7d02f800 2440       1       org.eclipse.jetty.http.MetaData::getFields (5 bytes)
Event: 80.229 Thread 0x00007faf7d02f800 nmethod 2440 0x0000000117a45050 code [0x0000000117a451a0, 0x0000000117a452b0]
Event: 80.234 Thread 0x00007faf7b86c000 nmethod 2427 0x0000000117a4e0d0 code [0x0000000117a4e2a0, 0x0000000117a4ec78]
Event: 110.232 Thread 0x00007faf7d02f800 2441       1       java.util.concurrent.atomic.AtomicReference::get (5 bytes)
Event: 110.232 Thread 0x00007faf7d02f800 nmethod 2441 0x0000000117a44d90 code [0x0000000117a44ee0, 0x0000000117a44ff0]
Event: 140.233 Thread 0x00007faf7d02f800 2442       3       java.lang.Thread::interrupted (8 bytes)
Event: 140.233 Thread 0x00007faf7d02f800 nmethod 2442 0x0000000117a4dd10 code [0x0000000117a4de80, 0x0000000117a4e008]
Event: 230.973 Thread 0x00007faf7d02f800 2444       3       java.util.IdentityHashMap$IdentityHashMapIterator::<init> (6 bytes)
Event: 230.973 Thread 0x00007faf7d02f800 nmethod 2444 0x0000000117a4d610 code [0x0000000117a4d780, 0x0000000117a4d908]
Event: 230.973 Thread 0x00007faf7d02f800 2446       3       java.util.logging.LogManager$LoggerContext::ensureDefaultLogger (70 bytes)

GC Heap History (6 events):
Event: 0.985 GC heap before
{Heap before GC invocations=1 (full 0):
 PSYoungGen      total 76288K, used 65536K [0x000000076ab00000, 0x0000000770000000, 0x00000007c0000000)
  eden space 65536K, 100% used [0x000000076ab00000,0x000000076eb00000,0x000000076eb00000)
  from space 10752K, 0% used [0x000000076f580000,0x000000076f580000,0x0000000770000000)
  to   space 10752K, 0% used [0x000000076eb00000,0x000000076eb00000,0x000000076f580000)
 ParOldGen       total 175104K, used 0K [0x00000006c0000000, 0x00000006cab00000, 0x000000076ab00000)
  object space 175104K, 0% used [0x00000006c0000000,0x00000006c0000000,0x00000006cab00000)
 Metaspace       used 18640K, capacity 18912K, committed 19072K, reserved 1067008K
  class space    used 2298K, capacity 2390K, committed 2432K, reserved 1048576K
Event: 0.995 GC heap after
Heap after GC invocations=1 (full 0):
 PSYoungGen      total 76288K, used 10749K [0x000000076ab00000, 0x0000000774000000, 0x00000007c0000000)
  eden space 65536K, 0% used [0x000000076ab00000,0x000000076ab00000,0x000000076eb00000)
  from space 10752K, 99% used [0x000000076eb00000,0x000000076f57f5d8,0x000000076f580000)
  to   space 10752K, 0% used [0x0000000773580000,0x0000000773580000,0x0000000774000000)
 ParOldGen       total 175104K, used 3945K [0x00000006c0000000, 0x00000006cab00000, 0x000000076ab00000)
  object space 175104K, 2% used [0x00000006c0000000,0x00000006c03da4d0,0x00000006cab00000)
 Metaspace       used 18640K, capacity 18912K, committed 19072K, reserved 1067008K
  class space    used 2298K, capacity 2390K, committed 2432K, reserved 1048576K
}
Event: 1.164 GC heap before
{Heap before GC invocations=2 (full 0):
 PSYoungGen      total 76288K, used 22778K [0x000000076ab00000, 0x0000000774000000, 0x00000007c0000000)
  eden space 65536K, 18% used [0x000000076ab00000,0x000000076b6bf418,0x000000076eb00000)
  from space 10752K, 99% used [0x000000076eb00000,0x000000076f57f5d8,0x000000076f580000)
  to   space 10752K, 0% used [0x0000000773580000,0x0000000773580000,0x0000000774000000)
 ParOldGen       total 175104K, used 3945K [0x00000006c0000000, 0x00000006cab00000, 0x000000076ab00000)
  object space 175104K, 2% used [0x00000006c0000000,0x00000006c03da4d0,0x00000006cab00000)
 Metaspace       used 20911K, capacity 21126K, committed 21296K, reserved 1069056K
  class space    used 2650K, capacity 2745K, committed 2816K, reserved 1048576K
Event: 1.170 GC heap after
Heap after GC invocations=2 (full 0):
 PSYoungGen      total 141824K, used 8729K [0x000000076ab00000, 0x0000000774000000, 0x00000007c0000000)
  eden space 131072K, 0% used [0x000000076ab00000,0x000000076ab00000,0x0000000772b00000)
  from space 10752K, 81% used [0x0000000773580000,0x0000000773e06670,0x0000000774000000)
  to   space 10752K, 0% used [0x0000000772b00000,0x0000000772b00000,0x0000000773580000)
 ParOldGen       total 175104K, used 3953K [0x00000006c0000000, 0x00000006cab00000, 0x000000076ab00000)
  object space 175104K, 2% used [0x00000006c0000000,0x00000006c03dc4d0,0x00000006cab00000)
 Metaspace       used 20911K, capacity 21126K, committed 21296K, reserved 1069056K
  class space    used 2650K, capacity 2745K, committed 2816K, reserved 1048576K
}
Event: 1.170 GC heap before
{Heap before GC invocations=3 (full 1):
 PSYoungGen      total 141824K, used 8729K [0x000000076ab00000, 0x0000000774000000, 0x00000007c0000000)
  eden space 131072K, 0% used [0x000000076ab00000,0x000000076ab00000,0x0000000772b00000)
  from space 10752K, 81% used [0x0000000773580000,0x0000000773e06670,0x0000000774000000)
  to   space 10752K, 0% used [0x0000000772b00000,0x0000000772b00000,0x0000000773580000)
 ParOldGen       total 175104K, used 3953K [0x00000006c0000000, 0x00000006cab00000, 0x000000076ab00000)
  object space 175104K, 2% used [0x00000006c0000000,0x00000006c03dc4d0,0x00000006cab00000)
 Metaspace       used 20911K, capacity 21126K, committed 21296K, reserved 1069056K
  class space    used 2650K, capacity 2745K, committed 2816K, reserved 1048576K
Event: 1.195 GC heap after
Heap after GC invocations=3 (full 1):
 PSYoungGen      total 141824K, used 0K [0x000000076ab00000, 0x0000000774000000, 0x00000007c0000000)
  eden space 131072K, 0% used [0x000000076ab00000,0x000000076ab00000,0x0000000772b00000)
  from space 10752K, 0% used [0x0000000773580000,0x0000000773580000,0x0000000774000000)
  to   space 10752K, 0% used [0x0000000772b00000,0x0000000772b00000,0x0000000773580000)
 ParOldGen       total 112640K, used 8900K [0x00000006c0000000, 0x00000006c6e00000, 0x000000076ab00000)
  object space 112640K, 7% used [0x00000006c0000000,0x00000006c08b11b0,0x00000006c6e00000)
 Metaspace       used 20911K, capacity 21126K, committed 21296K, reserved 1069056K
  class space    used 2650K, capacity 2745K, committed 2816K, reserved 1048576K
}

Deoptimization events (10 events):
Event: 1.525 Thread 0x00007faf7d009000 Uncommon trap: reason=unstable_if action=reinterpret pc=0x0000000117675c3c method=java.util.concurrent.ConcurrentHashMap.putVal(Ljava/lang/Object;Ljava/lang/Object;Z)Ljava/lang/Object; @ 331
Event: 29.821 Thread 0x00007faf7c363800 Uncommon trap: reason=unstable_if action=reinterpret pc=0x00000001175ae420 method=java.lang.CharacterDataLatin1.isWhitespace(I)Z @ 14
Event: 29.848 Thread 0x00007faf7c363800 Uncommon trap: reason=class_check action=maybe_recompile pc=0x00000001177eb90c method=java.util.Collections$UnmodifiableMap.isEmpty()Z @ 4
Event: 29.848 Thread 0x00007faf7c363800 Uncommon trap: reason=class_check action=maybe_recompile pc=0x00000001177eb90c method=java.util.Collections$UnmodifiableMap.isEmpty()Z @ 4
Event: 29.848 Thread 0x00007faf7c363800 Uncommon trap: reason=class_check action=maybe_recompile pc=0x00000001177eb90c method=java.util.Collections$UnmodifiableMap.isEmpty()Z @ 4
Event: 29.848 Thread 0x00007faf7c363800 Uncommon trap: reason=class_check action=maybe_recompile pc=0x00000001177eb90c method=java.util.Collections$UnmodifiableMap.isEmpty()Z @ 4
Event: 29.869 Thread 0x00007faf85848800 Uncommon trap: reason=unstable_if action=reinterpret pc=0x000000011787a00c method=java.util.HashMap$HashIterator.<init>(Ljava/util/HashMap;)V @ 45
Event: 29.869 Thread 0x00007faf85848800 Uncommon trap: reason=unstable_if action=reinterpret pc=0x0000000117773b0c method=java.util.HashMap$HashIterator.<init>(Ljava/util/HashMap;)V @ 45
Event: 59.872 Thread 0x00007faf85848800 Uncommon trap: reason=unstable_if action=reinterpret pc=0x000000011772953c method=java.util.HashMap$HashIterator.<init>(Ljava/util/HashMap;)V @ 45
Event: 76.236 Thread 0x00007faf7d0e1800 Uncommon trap: reason=unstable_if action=reinterpret pc=0x00000001179c3cbc method=java.util.concurrent.ConcurrentHashMap.get(Ljava/lang/Object;)Ljava/lang/Object; @ 99

Classes redefined (0 events):
No events

Internal exceptions (10 events):
Event: 0.730 Thread 0x00007faf7d009000 Exception <a 'java/lang/ArrayIndexOutOfBoundsException': 119> (0x000000076d186010) thrown at [/private/tmp/openjdkA8-20210721-89171-7widg1/jdk8u302-ga/hotspot/src/share/vm/interpreter/interpreterRuntime.cpp, line 371]
Event: 0.730 Thread 0x00007faf7d009000 Exception <a 'java/lang/ArrayIndexOutOfBoundsException': 79> (0x000000076d187338) thrown at [/private/tmp/openjdkA8-20210721-89171-7widg1/jdk8u302-ga/hotspot/src/share/vm/interpreter/interpreterRuntime.cpp, line 371]
Event: 0.867 Thread 0x00007faf7d009000 Implicit null exception at 0x00000001175615f5 to 0x00000001175619b1
Event: 0.867 Thread 0x00007faf7d009000 Implicit null exception at 0x00000001174c1bb6 to 0x00000001174c1f75
Event: 1.002 Thread 0x00007faf7d009000 Exception <a 'java/lang/NoSuchMethodError': org.slf4j.impl.StaticMDCBinder.getSingleton()Lorg/slf4j/impl/StaticMDCBinder;> (0x000000076ab5bc88) thrown at [/private/tmp/openjdkA8-20210721-89171-7widg1/jdk8u302-ga/hotspot/src/share/vm/interpreter/linkResolv
Event: 1.134 Thread 0x00007faf7d009000 Exception <a 'java/io/FileNotFoundException'> (0x000000076b420a48) thrown at [/private/tmp/openjdkA8-20210721-89171-7widg1/jdk8u302-ga/hotspot/src/share/vm/prims/jni.cpp, line 711]
Event: 1.136 Thread 0x00007faf7d009000 Exception <a 'java/io/FileNotFoundException'> (0x000000076b47b710) thrown at [/private/tmp/openjdkA8-20210721-89171-7widg1/jdk8u302-ga/hotspot/src/share/vm/prims/jni.cpp, line 711]
Event: 76.235 Thread 0x00007faf7d0e1800 Exception <a 'java/lang/NullPointerException'> (0x000000076fb05bd0) thrown at [/private/tmp/openjdkA8-20210721-89171-7widg1/jdk8u302-ga/hotspot/src/share/vm/interpreter/linkResolver.cpp, line 1287]
Event: 80.227 Thread 0x00007faf8184a000 Exception <a 'java/lang/NullPointerException'> (0x000000076fb8c4c0) thrown at [/private/tmp/openjdkA8-20210721-89171-7widg1/jdk8u302-ga/hotspot/src/share/vm/interpreter/linkResolver.cpp, line 1287]
Event: 230.973 Thread 0x00007faf7ddd0800 Exception <a 'java/io/IOException'> (0x000000076e376ee8) thrown at [/private/tmp/openjdkA8-20210721-89171-7widg1/jdk8u302-ga/hotspot/src/share/vm/prims/jni.cpp, line 711]

Events (10 events):
Event: 230.972 loading class sun/misc/Signal$1
Event: 230.973 loading class sun/misc/Signal$1 done
Event: 230.973 Thread 0x00007faf7d0e1800 Thread added: 0x00007faf7d0e1800
Event: 230.973 Thread 0x00007faf8589e000 Thread added: 0x00007faf8589e000
Event: 230.973 Thread 0x00007faf7d0e2800 Thread added: 0x00007faf7d0e2800
Event: 230.973 loading class java/nio/channels/AsynchronousCloseException
Event: 230.973 loading class java/nio/channels/AsynchronousCloseException done
Event: 230.973 Thread 0x00007faf7d0e2800 Thread exited: 0x00007faf7d0e2800
Event: 230.974 loading class org/eclipse/jetty/util/FutureCallback
Event: 230.974 loading class org/eclipse/jetty/util/FutureCallback done


Dynamic libraries:
0x00007fff32e4c000 	/System/Library/Frameworks/Cocoa.framework/Versions/A/Cocoa
0x00007fff4067b000 	/System/Library/Frameworks/Security.framework/Versions/A/Security
0x00007fff31db1000 	/System/Library/Frameworks/ApplicationServices.framework/Versions/A/ApplicationServices
0x00007fff6d22d000 	/usr/lib/libz.1.dylib
0x00007fff6ac63000 	/usr/lib/libSystem.B.dylib
0x00007fff33cff000 	/System/Library/Frameworks/CoreFoundation.framework/Versions/A/CoreFoundation
0x00007fff363df000 	/System/Library/Frameworks/Foundation.framework/Versions/C/Foundation
0x00007fff6cb5a000 	/usr/lib/libobjc.A.dylib
0x00007fff30fa1000 	/System/Library/Frameworks/AppKit.framework/Versions/C/AppKit
0x00007fff337d0000 	/System/Library/Frameworks/CoreData.framework/Versions/A/CoreData
0x00007fff64c78000 	/System/Library/PrivateFrameworks/UIFoundation.framework/Versions/A/UIFoundation
0x00007fff5fd0c000 	/System/Library/PrivateFrameworks/RemoteViewServices.framework/Versions/A/RemoteViewServices
0x00007fff677d3000 	/System/Library/PrivateFrameworks/XCTTargetBootstrap.framework/Versions/A/XCTTargetBootstrap
0x00007fff33bcc000 	/System/Library/Frameworks/CoreDisplay.framework/Versions/A/CoreDisplay
0x00007fff3929e000 	/System/Library/Frameworks/Metal.framework/Versions/A/Metal
0x00007fff4dd0f000 	/System/Library/PrivateFrameworks/DesktopServicesPriv.framework/Versions/A/DesktopServicesPriv
0x00007fff6be35000 	/usr/lib/liblangid.dylib
0x00007fff4cfa4000 	/System/Library/PrivateFrameworks/CoreSVG.framework/Versions/A/CoreSVG
0x00007fff62e68000 	/System/Library/PrivateFrameworks/SkyLight.framework/Versions/A/SkyLight
0x00007fff34181000 	/System/Library/Frameworks/CoreGraphics.framework/Versions/A/CoreGraphics
0x00007fff2f910000 	/System/Library/Frameworks/Accelerate.framework/Versions/A/Accelerate
0x00007fff6d11e000 	/usr/lib/libxml2.2.dylib
0x00007fff58c97000 	/System/Library/PrivateFrameworks/IconServices.framework/Versions/A/IconServices
0x00007fff36bbe000 	/System/Library/Frameworks/IOSurface.framework/Versions/A/IOSurface
0x00007fff6a78d000 	/usr/lib/libDiagnosticMessagesClient.dylib
0x00007fff4db69000 	/System/Library/PrivateFrameworks/DFRFoundation.framework/Versions/A/DFRFoundation
0x00007fff6bbc4000 	/usr/lib/libicucore.A.dylib
0x00007fff320e3000 	/System/Library/Frameworks/AudioToolbox.framework/Versions/A/AudioToolbox
0x00007fff321c6000 	/System/Library/Frameworks/AudioUnit.framework/Versions/A/AudioUnit
0x00007fff6aefb000 	/usr/lib/libauto.dylib
0x00007fff4dc0b000 	/System/Library/PrivateFrameworks/DataDetectorsCore.framework/Versions/A/DataDetectorsCore
0x00007fff3296d000 	/System/Library/Frameworks/Carbon.framework/Versions/A/Frameworks/HIToolbox.framework/Versions/A/HIToolbox
0x00007fff3f877000 	/System/Library/Frameworks/QuartzCore.framework/Versions/A/QuartzCore
0x00007fff32cac000 	/System/Library/Frameworks/Carbon.framework/Versions/A/Frameworks/SpeechRecognition.framework/Versions/A/SpeechRecognition
0x00007fff4d67d000 	/System/Library/PrivateFrameworks/CoreUI.framework/Versions/A/CoreUI
0x00007fff3323b000 	/System/Library/Frameworks/CoreAudio.framework/Versions/A/CoreAudio
0x00007fff3609e000 	/System/Library/Frameworks/DiskArbitration.framework/Versions/A/DiskArbitration
0x00007fff5ace7000 	/System/Library/PrivateFrameworks/MultitouchSupport.framework/Versions/A/MultitouchSupport
0x00007fff6ba8b000 	/usr/lib/libenergytrace.dylib
0x00007fff36b18000 	/System/Library/Frameworks/IOKit.framework/Versions/A/IOKit
0x00007fff3510a000 	/System/Library/Frameworks/CoreServices.framework/Versions/A/CoreServices
0x00007fff5ce9f000 	/System/Library/PrivateFrameworks/PerformanceAnalysis.framework/Versions/A/PerformanceAnalysis
0x00007fff3e8aa000 	/System/Library/Frameworks/OpenGL.framework/Versions/A/OpenGL
0x00007fff32e5a000 	/System/Library/Frameworks/ColorSync.framework/Versions/A/ColorSync
0x00007fff34826000 	/System/Library/Frameworks/CoreImage.framework/Versions/A/CoreImage
0x00007fff35b7d000 	/System/Library/Frameworks/CoreText.framework/Versions/A/CoreText
0x00007fff36c4e000 	/System/Library/Frameworks/ImageIO.framework/Versions/A/ImageIO
0x00007fff6afdf000 	/usr/lib/libc++.1.dylib
0x00007fff6b05b000 	/usr/lib/libcompression.dylib
0x00007fff6aad1000 	/usr/lib/libMobileGestalt.dylib
0x00007fff649e2000 	/System/Library/PrivateFrameworks/TextureIO.framework/Versions/A/TextureIO
0x00007fff6adc8000 	/usr/lib/libate.dylib
0x00007fff58ea0000 	/System/Library/PrivateFrameworks/InternationalSupport.framework/Versions/A/InternationalSupport
0x00007fff6daee000 	/usr/lib/system/libcache.dylib
0x00007fff6daf4000 	/usr/lib/system/libcommonCrypto.dylib
0x00007fff6db00000 	/usr/lib/system/libcompiler_rt.dylib
0x00007fff6db08000 	/usr/lib/system/libcopyfile.dylib
0x00007fff6db12000 	/usr/lib/system/libcorecrypto.dylib
0x00007fff6dcb1000 	/usr/lib/system/libdispatch.dylib
0x00007fff6dcf2000 	/usr/lib/system/libdyld.dylib
0x00007fff6dd29000 	/usr/lib/system/libkeymgr.dylib
0x00007fff6dd37000 	/usr/lib/system/liblaunch.dylib
0x00007fff6dd38000 	/usr/lib/system/libmacho.dylib
0x00007fff6dd3e000 	/usr/lib/system/libquarantine.dylib
0x00007fff6dd41000 	/usr/lib/system/libremovefile.dylib
0x00007fff6dd43000 	/usr/lib/system/libsystem_asl.dylib
0x00007fff6dd5b000 	/usr/lib/system/libsystem_blocks.dylib
0x00007fff6dd5c000 	/usr/lib/system/libsystem_c.dylib
0x00007fff6dde4000 	/usr/lib/system/libsystem_configuration.dylib
0x00007fff6dde8000 	/usr/lib/system/libsystem_coreservices.dylib
0x00007fff6ddec000 	/usr/lib/system/libsystem_darwin.dylib
0x00007fff6ddf5000 	/usr/lib/system/libsystem_dnssd.dylib
0x00007fff6ddfd000 	/usr/lib/system/libsystem_featureflags.dylib
0x00007fff6ddff000 	/usr/lib/system/libsystem_info.dylib
0x00007fff6de7a000 	/usr/lib/system/libsystem_m.dylib
0x00007fff6dec6000 	/usr/lib/system/libsystem_malloc.dylib
0x00007fff6deee000 	/usr/lib/system/libsystem_networkextension.dylib
0x00007fff6defc000 	/usr/lib/system/libsystem_notify.dylib
0x00007fff6df1a000 	/usr/lib/system/libsystem_sandbox.dylib
0x00007fff6df1f000 	/usr/lib/system/libsystem_secinit.dylib
0x00007fff6de4d000 	/usr/lib/system/libsystem_kernel.dylib
0x00007fff6df06000 	/usr/lib/system/libsystem_platform.dylib
0x00007fff6df0f000 	/usr/lib/system/libsystem_pthread.dylib
0x00007fff6df22000 	/usr/lib/system/libsystem_symptoms.dylib
0x00007fff6df2a000 	/usr/lib/system/libsystem_trace.dylib
0x00007fff6df42000 	/usr/lib/system/libunwind.dylib
0x00007fff6df48000 	/usr/lib/system/libxpc.dylib
0x00007fff6b032000 	/usr/lib/libc++abi.dylib
0x00007fff6be37000 	/usr/lib/liblzma.5.dylib
0x00007fff6bab2000 	/usr/lib/libfakelink.dylib
0x00007fff6ad55000 	/usr/lib/libarchive.2.dylib
0x00007fff4172c000 	/System/Library/Frameworks/SystemConfiguration.framework/Versions/A/SystemConfiguration
0x00007fff6a6c0000 	/usr/lib/libCRFSuite.dylib
0x00007fff3255d000 	/System/Library/Frameworks/CFNetwork.framework/Versions/A/CFNetwork
0x00007fff6afc1000 	/usr/lib/libbsm.0.dylib
0x00007fff6dd2a000 	/usr/lib/system/libkxld.dylib
0x00007fff474e6000 	/System/Library/PrivateFrameworks/AppleFSCompression.framework/Versions/A/AppleFSCompression
0x00007fff6b34d000 	/usr/lib/libcoretls.dylib
0x00007fff6b364000 	/usr/lib/libcoretls_cfhelpers.dylib
0x00007fff6cb9f000 	/usr/lib/libpam.2.dylib
0x00007fff6ccd4000 	/usr/lib/libsqlite3.dylib
0x00007fff6d10b000 	/usr/lib/libxar.1.dylib
0x00007fff6afd2000 	/usr/lib/libbz2.1.0.dylib
0x00007fff6bad3000 	/usr/lib/libiconv.2.dylib
0x00007fff6b048000 	/usr/lib/libcharset.1.dylib
0x00007fff6c63d000 	/usr/lib/libnetwork.dylib
0x00007fff6cba6000 	/usr/lib/libpcap.A.dylib
0x00007fff6ad0a000 	/usr/lib/libapple_nghttp2.dylib
0x00007fff354c1000 	/System/Library/Frameworks/CoreServices.framework/Versions/A/Frameworks/FSEvents.framework/Versions/A/FSEvents
0x00007fff35191000 	/System/Library/Frameworks/CoreServices.framework/Versions/A/Frameworks/CarbonCore.framework/Versions/A/CarbonCore
0x00007fff35705000 	/System/Library/Frameworks/CoreServices.framework/Versions/A/Frameworks/Metadata.framework/Versions/A/Metadata
0x00007fff3579e000 	/System/Library/Frameworks/CoreServices.framework/Versions/A/Frameworks/OSServices.framework/Versions/A/OSServices
0x00007fff357cc000 	/System/Library/Frameworks/CoreServices.framework/Versions/A/Frameworks/SearchKit.framework/Versions/A/SearchKit
0x00007fff3510b000 	/System/Library/Frameworks/CoreServices.framework/Versions/A/Frameworks/AE.framework/Versions/A/AE
0x00007fff354ca000 	/System/Library/Frameworks/CoreServices.framework/Versions/A/Frameworks/LaunchServices.framework/Versions/A/LaunchServices
0x00007fff35473000 	/System/Library/Frameworks/CoreServices.framework/Versions/A/Frameworks/DictionaryServices.framework/Versions/A/DictionaryServices
0x00007fff35834000 	/System/Library/Frameworks/CoreServices.framework/Versions/A/Frameworks/SharedFileList.framework/Versions/A/SharedFileList
0x00007fff3a6c9000 	/System/Library/Frameworks/NetFS.framework/Versions/A/NetFS
0x00007fff5b217000 	/System/Library/PrivateFrameworks/NetAuth.framework/Versions/A/NetAuth
0x00007fff67ba0000 	/System/Library/PrivateFrameworks/login.framework/Versions/A/Frameworks/loginsupport.framework/Versions/A/loginsupport
0x00007fff644ad000 	/System/Library/PrivateFrameworks/TCC.framework/Versions/A/TCC
0x00007fff4c117000 	/System/Library/PrivateFrameworks/CoreNLP.framework/Versions/A/CoreNLP
0x00007fff5a714000 	/System/Library/PrivateFrameworks/MetadataUtilities.framework/Versions/A/MetadataUtilities
0x00007fff6bf0f000 	/usr/lib/libmecabra.dylib
0x00007fff6be67000 	/usr/lib/libmecab.dylib
0x00007fff6bac3000 	/usr/lib/libgermantok.dylib
0x00007fff6acf1000 	/usr/lib/libThaiTokenizer.dylib
0x00007fff6a6f7000 	/usr/lib/libChineseTokenizer.dylib
0x00007fff2f929000 	/System/Library/Frameworks/Accelerate.framework/Versions/A/Frameworks/vImage.framework/Versions/A/vImage
0x00007fff30df7000 	/System/Library/Frameworks/Accelerate.framework/Versions/A/Frameworks/vecLib.framework/Versions/A/vecLib
0x00007fff30c78000 	/System/Library/Frameworks/Accelerate.framework/Versions/A/Frameworks/vecLib.framework/Versions/A/libvMisc.dylib
0x00007fff30ae5000 	/System/Library/Frameworks/Accelerate.framework/Versions/A/Frameworks/vecLib.framework/Versions/A/libvDSP.dylib
0x00007fff301c5000 	/System/Library/Frameworks/Accelerate.framework/Versions/A/Frameworks/vecLib.framework/Versions/A/libBLAS.dylib
0x00007fff3069d000 	/System/Library/Frameworks/Accelerate.framework/Versions/A/Frameworks/vecLib.framework/Versions/A/libLAPACK.dylib
0x00007fff30a45000 	/System/Library/Frameworks/Accelerate.framework/Versions/A/Frameworks/vecLib.framework/Versions/A/libLinearAlgebra.dylib
0x00007fff30ad2000 	/System/Library/Frameworks/Accelerate.framework/Versions/A/Frameworks/vecLib.framework/Versions/A/libSparseBLAS.dylib
0x00007fff30a5b000 	/System/Library/Frameworks/Accelerate.framework/Versions/A/Frameworks/vecLib.framework/Versions/A/libQuadrature.dylib
0x00007fff3035b000 	/System/Library/Frameworks/Accelerate.framework/Versions/A/Frameworks/vecLib.framework/Versions/A/libBNNS.dylib
0x00007fff30a61000 	/System/Library/Frameworks/Accelerate.framework/Versions/A/Frameworks/vecLib.framework/Versions/A/libSparse.dylib
0x00007fff59288000 	/System/Library/PrivateFrameworks/LanguageModeling.framework/Versions/A/LanguageModeling
0x00007fff4bac7000 	/System/Library/PrivateFrameworks/CoreEmoji.framework/Versions/A/CoreEmoji
0x00007fff593a6000 	/System/Library/PrivateFrameworks/LinguisticData.framework/Versions/A/LinguisticData
0x00007fff59357000 	/System/Library/PrivateFrameworks/Lexicon.framework/Versions/A/Lexicon
0x00007fff6b049000 	/usr/lib/libcmph.dylib
0x00007fff3d2b8000 	/System/Library/Frameworks/OpenDirectory.framework/Versions/A/Frameworks/CFOpenDirectory.framework/Versions/A/CFOpenDirectory
0x00007fff3d2d5000 	/System/Library/Frameworks/OpenDirectory.framework/Versions/A/OpenDirectory
0x00007fff45716000 	/System/Library/PrivateFrameworks/APFS.framework/Versions/A/APFS
0x00007fff409c5000 	/System/Library/Frameworks/SecurityFoundation.framework/Versions/A/SecurityFoundation
0x00007fff6d107000 	/usr/lib/libutil.dylib
0x00007fff4cffc000 	/System/Library/PrivateFrameworks/CoreServicesStore.framework/Versions/A/CoreServicesStore
0x00007fff40a7c000 	/System/Library/Frameworks/ServiceManagement.framework/Versions/A/ServiceManagement
0x00007fff48cb6000 	/System/Library/PrivateFrameworks/BackgroundTaskManagement.framework/Versions/A/BackgroundTaskManagement
0x00007fff6d204000 	/usr/lib/libxslt.1.dylib
0x00007fff47b59000 	/System/Library/PrivateFrameworks/AppleSystemInfo.framework/Versions/A/AppleSystemInfo
0x00007fff36e6c000 	/System/Library/Frameworks/ImageIO.framework/Versions/A/Resources/libJPEG.dylib
0x00007fff3712c000 	/System/Library/Frameworks/ImageIO.framework/Versions/A/Resources/libTIFF.dylib
0x00007fff3710f000 	/System/Library/Frameworks/ImageIO.framework/Versions/A/Resources/libPng.dylib
0x00007fff36dae000 	/System/Library/Frameworks/ImageIO.framework/Versions/A/Resources/libGIF.dylib
0x00007fff36db2000 	/System/Library/Frameworks/ImageIO.framework/Versions/A/Resources/libJP2.dylib
0x00007fff3712a000 	/System/Library/Frameworks/ImageIO.framework/Versions/A/Resources/libRadiance.dylib
0x00007fff6ba8c000 	/usr/lib/libexpat.1.dylib
0x00007fff47641000 	/System/Library/PrivateFrameworks/AppleJPEG.framework/Versions/A/AppleJPEG
0x00007fff502fc000 	/System/Library/PrivateFrameworks/FontServices.framework/libFontParser.dylib
0x00007fff66ba2000 	/System/Library/PrivateFrameworks/WatchdogClient.framework/Versions/A/WatchdogClient
0x00007fff588e3000 	/System/Library/PrivateFrameworks/IOAccelerator.framework/Versions/A/IOAccelerator
0x00007fff39639000 	/System/Library/Frameworks/MetalPerformanceShaders.framework/Versions/A/MetalPerformanceShaders
0x00007fff55079000 	/System/Library/PrivateFrameworks/GPUWrangler.framework/Versions/A/GPUWrangler
0x00007fff588f8000 	/System/Library/PrivateFrameworks/IOPresentment.framework/Versions/A/IOPresentment
0x00007fff4db7c000 	/System/Library/PrivateFrameworks/DSExternalDisplay.framework/Versions/A/DSExternalDisplay
0x00007fff3dc49000 	/System/Library/Frameworks/OpenGL.framework/Versions/A/Libraries/libCoreFSCache.dylib
0x00007fff39385000 	/System/Library/Frameworks/MetalPerformanceShaders.framework/Frameworks/MPSCore.framework/Versions/A/MPSCore
0x00007fff393c3000 	/System/Library/Frameworks/MetalPerformanceShaders.framework/Frameworks/MPSImage.framework/Versions/A/MPSImage
0x00007fff3948a000 	/System/Library/Frameworks/MetalPerformanceShaders.framework/Frameworks/MPSNeuralNetwork.framework/Versions/A/MPSNeuralNetwork
0x00007fff3944e000 	/System/Library/Frameworks/MetalPerformanceShaders.framework/Frameworks/MPSMatrix.framework/Versions/A/MPSMatrix
0x00007fff395e9000 	/System/Library/Frameworks/MetalPerformanceShaders.framework/Frameworks/MPSRayIntersector.framework/Versions/A/MPSRayIntersector
0x00007fff39474000 	/System/Library/Frameworks/MetalPerformanceShaders.framework/Frameworks/MPSNDArray.framework/Versions/A/MPSNDArray
0x00007fff5a761000 	/System/Library/PrivateFrameworks/MetalTools.framework/Versions/A/MetalTools
0x00007fff468f0000 	/System/Library/PrivateFrameworks/AggregateDictionary.framework/Versions/A/AggregateDictionary
0x00007fff4b50f000 	/System/Library/PrivateFrameworks/CoreAnalytics.framework/Versions/A/CoreAnalytics
0x00007fff47a78000 	/System/Library/PrivateFrameworks/AppleSauce.framework/Versions/A/AppleSauce
0x00007fff6a9b3000 	/usr/lib/libIOReport.dylib
0x00007fff35d35000 	/System/Library/Frameworks/CoreVideo.framework/Versions/A/CoreVideo
0x00007fff564f2000 	/System/Library/PrivateFrameworks/GraphVisualizer.framework/Versions/A/GraphVisualizer
0x00007fff4f842000 	/System/Library/PrivateFrameworks/FaceCore.framework/Versions/A/FaceCore
0x00007fff3d25f000 	/System/Library/Frameworks/OpenCL.framework/Versions/A/OpenCL
0x00007fff6a7d5000 	/usr/lib/libFosl_dynamic.dylib
0x00007fff5bc37000 	/System/Library/PrivateFrameworks/OTSVG.framework/Versions/A/OTSVG
0x00007fff31eb6000 	/System/Library/Frameworks/ApplicationServices.framework/Versions/A/Frameworks/ATS.framework/Versions/A/Resources/libFontRegistry.dylib
0x00007fff504cd000 	/System/Library/PrivateFrameworks/FontServices.framework/libhvf.dylib
0x00007fff3dc54000 	/System/Library/Frameworks/OpenGL.framework/Versions/A/Libraries/libGFXShared.dylib
0x00007fff3de32000 	/System/Library/Frameworks/OpenGL.framework/Versions/A/Libraries/libGLU.dylib
0x00007fff3dc5d000 	/System/Library/Frameworks/OpenGL.framework/Versions/A/Libraries/libGL.dylib
0x00007fff3dc68000 	/System/Library/Frameworks/OpenGL.framework/Versions/A/Libraries/libGLImage.dylib
0x00007fff3dc46000 	/System/Library/Frameworks/OpenGL.framework/Versions/A/Libraries/libCVMSPluginSupport.dylib
0x00007fff3dc4f000 	/System/Library/Frameworks/OpenGL.framework/Versions/A/Libraries/libCoreVMClient.dylib
0x00007fff6c4de000 	/usr/lib/libncurses.5.4.dylib
0x00007fff31db2000 	/System/Library/Frameworks/ApplicationServices.framework/Versions/A/Frameworks/ATS.framework/Versions/A/ATS
0x00007fff31f7f000 	/System/Library/Frameworks/ApplicationServices.framework/Versions/A/Frameworks/ColorSyncLegacy.framework/Versions/A/ColorSyncLegacy
0x00007fff3201d000 	/System/Library/Frameworks/ApplicationServices.framework/Versions/A/Frameworks/HIServices.framework/Versions/A/HIServices
0x00007fff32075000 	/System/Library/Frameworks/ApplicationServices.framework/Versions/A/Frameworks/LangAnalysis.framework/Versions/A/LangAnalysis
0x00007fff32084000 	/System/Library/Frameworks/ApplicationServices.framework/Versions/A/Frameworks/PrintCore.framework/Versions/A/PrintCore
0x00007fff320ca000 	/System/Library/Frameworks/ApplicationServices.framework/Versions/A/Frameworks/QD.framework/Versions/A/QD
0x00007fff320d5000 	/System/Library/Frameworks/ApplicationServices.framework/Versions/A/Frameworks/SpeechSynthesis.framework/Versions/A/SpeechSynthesis
0x00007fff31f4f000 	/System/Library/Frameworks/ApplicationServices.framework/Versions/A/Frameworks/ATSUI.framework/Versions/A/ATSUI
0x00007fff6b922000 	/usr/lib/libcups.2.dylib
0x00007fff386d4000 	/System/Library/Frameworks/Kerberos.framework/Versions/A/Kerberos
0x00007fff36811000 	/System/Library/Frameworks/GSS.framework/Versions/A/GSS
0x00007fff6cc60000 	/usr/lib/libresolv.9.dylib
0x00007fff5669f000 	/System/Library/PrivateFrameworks/Heimdal.framework/Versions/A/Heimdal
0x00007fff386e7000 	/System/Library/Frameworks/Kerberos.framework/Versions/A/Libraries/libHeimdalProxy.dylib
0x00007fff6bac9000 	/usr/lib/libheimdal-asn1.dylib
0x00007fff4a9a7000 	/System/Library/PrivateFrameworks/CommonAuth.framework/Versions/A/CommonAuth
0x00007fff47bf6000 	/System/Library/PrivateFrameworks/AssertionServices.framework/Versions/A/AssertionServices
0x00007fff48799000 	/System/Library/PrivateFrameworks/AudioToolboxCore.framework/Versions/A/AudioToolboxCore
0x00007fff67850000 	/System/Library/PrivateFrameworks/caulk.framework/Versions/A/caulk
0x00007fff48d62000 	/System/Library/PrivateFrameworks/BaseBoard.framework/Versions/A/BaseBoard
0x00007fff5fe9a000 	/System/Library/PrivateFrameworks/RunningBoardServices.framework/Versions/A/RunningBoardServices
0x00007fff5ceab000 	/System/Library/PrivateFrameworks/PersistentConnection.framework/Versions/A/PersistentConnection
0x00007fff5f893000 	/System/Library/PrivateFrameworks/ProtocolBuffer.framework/Versions/A/ProtocolBuffer
0x00007fff4a9cb000 	/System/Library/PrivateFrameworks/CommonUtilities.framework/Versions/A/CommonUtilities
0x00007fff48ef0000 	/System/Library/PrivateFrameworks/Bom.framework/Versions/A/Bom
0x00007fff6a686000 	/usr/lib/libAudioToolboxUtility.dylib
0x00007fff48cc0000 	/System/Library/PrivateFrameworks/Backup.framework/Versions/A/Backup
0x00007fff4da9d000 	/System/Library/PrivateFrameworks/CrashReporterSupport.framework/Versions/A/CrashReporterSupport
0x00007fff6192c000 	/System/Library/PrivateFrameworks/Sharing.framework/Versions/A/Sharing
0x00007fff47204000 	/System/Library/PrivateFrameworks/Apple80211.framework/Versions/A/Apple80211
0x00007fff489dd000 	/System/Library/PrivateFrameworks/AuthKit.framework/Versions/A/AuthKit
0x00007fff4d7aa000 	/System/Library/PrivateFrameworks/CoreUtils.framework/Versions/A/CoreUtils
0x00007fff35d7a000 	/System/Library/Frameworks/CoreWLAN.framework/Versions/A/CoreWLAN
0x00007fff3699e000 	/System/Library/Frameworks/IOBluetooth.framework/Versions/A/IOBluetooth
0x00007fff5aa66000 	/System/Library/PrivateFrameworks/MobileKeyBag.framework/Versions/A/MobileKeyBag
0x00007fff4c5af000 	/System/Library/PrivateFrameworks/CorePhoneNumbers.framework/Versions/A/CorePhoneNumbers
0x00007fff475f4000 	/System/Library/PrivateFrameworks/AppleIDAuthSupport.framework/Versions/A/AppleIDAuthSupport
0x00007fff3a6d6000 	/System/Library/Frameworks/Network.framework/Versions/A/Network
0x00007fff59134000 	/System/Library/PrivateFrameworks/KeychainCircle.framework/Versions/A/KeychainCircle
0x00007fff33797000 	/System/Library/Frameworks/CoreBluetooth.framework/Versions/A/CoreBluetooth
0x00007fff639ab000 	/System/Library/PrivateFrameworks/SpeechRecognitionCore.framework/Versions/A/SpeechRecognitionCore
0x0000000111600000 	/usr/local/Cellar/openjdk@8/1.8.0+302/libexec/openjdk.jdk/Contents/Home/jre/lib/server/libjvm.dylib
0x000000010fc86000 	/usr/local/Cellar/openjdk@8/1.8.0+302/libexec/openjdk.jdk/Contents/Home/jre/lib/libverify.dylib
0x000000010fc9a000 	/usr/local/Cellar/openjdk@8/1.8.0+302/libexec/openjdk.jdk/Contents/Home/jre/lib/libjava.dylib
0x000000010fd14000 	/usr/local/Cellar/openjdk@8/1.8.0+302/libexec/openjdk.jdk/Contents/Home/jre/lib/libzip.dylib
0x000000010fd8c000 	/usr/local/Cellar/openjdk@8/1.8.0+302/libexec/openjdk.jdk/Contents/Home/jre/lib/libnio.dylib
0x000000010fda4000 	/usr/local/Cellar/openjdk@8/1.8.0+302/libexec/openjdk.jdk/Contents/Home/jre/lib/libnet.dylib
0x000000010fdc0000 	/usr/local/Cellar/openjdk@8/1.8.0+302/libexec/openjdk.jdk/Contents/Home/jre/lib/libmanagement.dylib

VM Arguments:
java_command: target/DropWizardExample-1.0-SNAPSHOT.jar server
java_class_path (initial): target/DropWizardExample-1.0-SNAPSHOT.jar
Launcher Type: SUN_STANDARD

Environment Variables:
PATH=/usr/local/bin:/usr/bin:/bin:/usr/sbin:/sbin
SHELL=/bin/bash

Signal Handlers:
SIGSEGV: [libjvm.dylib+0x58af2f], sa_mask[0]=11111111011111110111111111111111, sa_flags=SA_ONSTACK|SA_RESTART|SA_SIGINFO
SIGBUS: [libjvm.dylib+0x58af2f], sa_mask[0]=11111111011111110111111111111111, sa_flags=SA_RESTART|SA_SIGINFO
SIGFPE: [libjvm.dylib+0x48661b], sa_mask[0]=11111111011111110111111111111111, sa_flags=SA_RESTART|SA_SIGINFO
SIGPIPE: [libjvm.dylib+0x48661b], sa_mask[0]=11111111011111110111111111111111, sa_flags=SA_RESTART|SA_SIGINFO
SIGXFSZ: [libjvm.dylib+0x48661b], sa_mask[0]=11111111011111110111111111111111, sa_flags=SA_RESTART|SA_SIGINFO
SIGILL: [libjvm.dylib+0x48661b], sa_mask[0]=11111111011111110111111111111111, sa_flags=SA_RESTART|SA_SIGINFO
SIGUSR1: SIG_DFL, sa_mask[0]=11011111011111100000000111000110, sa_flags=none
SIGUSR2: [libjvm.dylib+0x486ef1], sa_mask[0]=00000000000000000000000000000000, sa_flags=SA_RESTART|SA_SIGINFO
SIGHUP: [libjvm.dylib+0x4850e1], sa_mask[0]=11111111011111110111111111111111, sa_flags=SA_RESTART|SA_SIGINFO
SIGINT: [libjvm.dylib+0x4850e1], sa_mask[0]=11111111011111110111111111111111, sa_flags=SA_RESTART|SA_SIGINFO
SIGTERM: [libjvm.dylib+0x4850e1], sa_mask[0]=11111111011111110111111111111111, sa_flags=SA_RESTART|SA_SIGINFO
SIGQUIT: [libjvm.dylib+0x4850e1], sa_mask[0]=11111111011111110111111111111111, sa_flags=SA_RESTART|SA_SIGINFO


---------------  S Y S T E M  ---------------

OS:Bsduname:Darwin 19.6.0 Darwin Kernel Version 19.6.0: Mon Aug 31 22:12:52 PDT 2020; root:xnu-6153.141.2~1/RELEASE_X86_64 x86_64
rlimit: STACK 8192k, CORE 0k, NPROC 2784, NOFILE 10240, AS infinity
load average:2.58 2.83 2.58

CPU:total 12 (initial active 12) (6 cores per cpu, 2 threads per core) family 6 model 158 stepping 10, cmov, cx8, fxsr, mmx, sse, sse2, sse3, ssse3, sse4.1, sse4.2, popcnt, avx, avx2, aes, clmul, erms, 3dnowpref, lzcnt, ht, tsc, tscinvbit, bmi1, bmi2, adx

Memory: 4k page, physical 16777216k(153056k free)

/proc/meminfo:


vm_info: OpenJDK 64-Bit Server VM (25.302-b00) for bsd-amd64 JRE (1.8.0_302-bre_2021_07_21_23_10-b00), built on Jul 21 2021 23:16:28 by "brew" with gcc Apple LLVM 12.0.0 (clang-1200.0.32.29)

time: Thu Jul 29 17:51:32 2021
timezone: IST
elapsed time: 230.986754 seconds (0d 0h 3m 50s)

